# JRE version: OpenJDK Runtime Environment (8.0_202-b03) (build 1.8.0_202-release-1483-b03)
# Java VM: OpenJDK 64-Bit Server VM (25.202-b03 mixed mode windows-amd64 compressed oops)
Heap:
 PSYoungGen      total 360960K, used 87328K [0x00000000e0000000, 0x00000000fc980000, 0x0000000100000000)
  eden space 322048K, 15% used [0x00000000e0000000,0x00000000e2faf160,0x00000000f3a80000)
  from space 38912K, 98% used [0x00000000f3a80000,0x00000000f60190d8,0x00000000f6080000)
  to   space 41472K, 0% used [0x00000000fa100000,0x00000000fa100000,0x00000000fc980000)
 ParOldGen       total 268800K, used 113408K [0x00000000a0000000, 0x00000000b0680000, 0x00000000e0000000)
  object space 268800K, 42% used [0x00000000a0000000,0x00000000a6ec0138,0x00000000b0680000)
 Metaspace       used 69617K, capacity 72216K, committed 73112K, reserved 1112064K
  class space    used 9334K, capacity 9909K, committed 10152K, reserved 1048576K
GC Heap History (10 events):
Event: 12.235 GC heap before
{Heap before GC invocations=23 (full 4):
 PSYoungGen      total 312832K, used 280992K [0x00000000e0000000, 0x00000000f5d00000, 0x0000000100000000)
  eden space 272384K, 100% used [0x00000000e0000000,0x00000000f0a00000,0x00000000f0a00000)
  from space 40448K, 21% used [0x00000000f3580000,0x00000000f3de8010,0x00000000f5d00000)
  to   space 42496K, 0% used [0x00000000f0a00000,0x00000000f0a00000,0x00000000f3380000)
 ParOldGen       total 268800K, used 109124K [0x00000000a0000000, 0x00000000b0680000, 0x00000000e0000000)
  object space 268800K, 40% used [0x00000000a0000000,0x00000000a6a913e8,0x00000000b0680000)
 Metaspace       used 68671K, capacity 70968K, committed 72216K, reserved 1112064K
  class space    used 9232K, capacity 9743K, committed 10024K, reserved 1048576K
Event: 12.265 GC heap after
Heap after GC invocations=23 (full 4):
 PSYoungGen      total 314880K, used 15284K [0x00000000e0000000, 0x00000000f8780000, 0x0000000100000000)
  eden space 272384K, 0% used [0x00000000e0000000,0x00000000e0000000,0x00000000f0a00000)
  from space 42496K, 35% used [0x00000000f0a00000,0x00000000f18ed1f8,0x00000000f3380000)
  to   space 39936K, 0% used [0x00000000f6080000,0x00000000f6080000,0x00000000f8780000)
 ParOldGen       total 268800K, used 109132K [0x00000000a0000000, 0x00000000b0680000, 0x00000000e0000000)
  object space 268800K, 40% used [0x00000000a0000000,0x00000000a6a933e8,0x00000000b0680000)
 Metaspace       used 68671K, capacity 70968K, committed 72216K, reserved 1112064K
  class space    used 9232K, capacity 9743K, committed 10024K, reserved 1048576K
}
Event: 12.855 GC heap before
{Heap before GC invocations=24 (full 4):
 PSYoungGen      total 314880K, used 287668K [0x00000000e0000000, 0x00000000f8780000, 0x0000000100000000)
  eden space 272384K, 100% used [0x00000000e0000000,0x00000000f0a00000,0x00000000f0a00000)
  from space 42496K, 35% used [0x00000000f0a00000,0x00000000f18ed1f8,0x00000000f3380000)
  to   space 39936K, 0% used [0x00000000f6080000,0x00000000f6080000,0x00000000f8780000)
 ParOldGen       total 268800K, used 109132K [0x00000000a0000000, 0x00000000b0680000, 0x00000000e0000000)
  object space 268800K, 40% used [0x00000000a0000000,0x00000000a6a933e8,0x00000000b0680000)
 Metaspace       used 69372K, capacity 71968K, committed 72856K, reserved 1112064K
  class space    used 9317K, capacity 9905K, committed 10152K, reserved 1048576K
Event: 12.884 GC heap after
Heap after GC invocations=24 (full 4):
 PSYoungGen      total 360960K, used 18700K [0x00000000e0000000, 0x00000000f8680000, 0x0000000100000000)
  eden space 322048K, 0% used [0x00000000e0000000,0x00000000e0000000,0x00000000f3a80000)
  from space 38912K, 48% used [0x00000000f6080000,0x00000000f72c30b8,0x00000000f8680000)
  to   space 38912K, 0% used [0x00000000f3a80000,0x00000000f3a80000,0x00000000f6080000)
 ParOldGen       total 268800K, used 109140K [0x00000000a0000000, 0x00000000b0680000, 0x00000000e0000000)
  object space 268800K, 40% used [0x00000000a0000000,0x00000000a6a953e8,0x00000000b0680000)
 Metaspace       used 69372K, capacity 71968K, committed 72856K, reserved 1112064K
  class space    used 9317K, capacity 9905K, committed 10152K, reserved 1048576K
}
Event: 13.414 GC heap before
{Heap before GC invocations=25 (full 4):
 PSYoungGen      total 360960K, used 340748K [0x00000000e0000000, 0x00000000f8680000, 0x0000000100000000)
  eden space 322048K, 100% used [0x00000000e0000000,0x00000000f3a80000,0x00000000f3a80000)
  from space 38912K, 48% used [0x00000000f6080000,0x00000000f72c30b8,0x00000000f8680000)
  to   space 38912K, 0% used [0x00000000f3a80000,0x00000000f3a80000,0x00000000f6080000)
 ParOldGen       total 268800K, used 109140K [0x00000000a0000000, 0x00000000b0680000, 0x00000000e0000000)
  object space 268800K, 40% used [0x00000000a0000000,0x00000000a6a953e8,0x00000000b0680000)
 Metaspace       used 69536K, capacity 72122K, committed 73112K, reserved 1112064K
  class space    used 9331K, capacity 9908K, committed 10152K, reserved 1048576K
Event: 13.450 GC heap after
Heap after GC invocations=25 (full 4):
 PSYoungGen      total 360960K, used 27753K [0x00000000e0000000, 0x00000000fc980000, 0x0000000100000000)
  eden space 322048K, 0% used [0x00000000e0000000,0x00000000e0000000,0x00000000f3a80000)
  from space 38912K, 71% used [0x00000000f3a80000,0x00000000f559a758,0x00000000f6080000)
  to   space 41472K, 0% used [0x00000000fa100000,0x00000000fa100000,0x00000000fc980000)
 ParOldGen       total 268800K, used 109140K [0x00000000a0000000, 0x00000000b0680000, 0x00000000e0000000)
  object space 268800K, 40% used [0x00000000a0000000,0x00000000a6a953e8,0x00000000b0680000)
 Metaspace       used 69536K, capacity 72122K, committed 73112K, reserved 1112064K
  class space    used 9331K, capacity 9908K, committed 10152K, reserved 1048576K
}
Event: 13.860 GC heap before
{Heap before GC invocations=26 (full 4):
 PSYoungGen      total 360960K, used 349801K [0x00000000e0000000, 0x00000000fc980000, 0x0000000100000000)
  eden space 322048K, 100% used [0x00000000e0000000,0x00000000f3a80000,0x00000000f3a80000)
  from space 38912K, 71% used [0x00000000f3a80000,0x00000000f559a758,0x00000000f6080000)
  to   space 41472K, 0% used [0x00000000fa100000,0x00000000fa100000,0x00000000fc980000)
 ParOldGen       total 268800K, used 109265K [0x00000000a0000000, 0x00000000b0680000, 0x00000000e0000000)
  object space 268800K, 40% used [0x00000000a0000000,0x00000000a6ab47e0,0x00000000b0680000)
 Metaspace       used 69580K, capacity 72200K, committed 73112K, reserved 1112064K
  class space    used 9334K, capacity 9909K, committed 10152K, reserved 1048576K
Event: 13.891 GC heap after
Heap after GC invocations=26 (full 4):
 PSYoungGen      total 363520K, used 34506K [0x00000000e0000000, 0x00000000fc980000, 0x0000000100000000)
  eden space 322048K, 0% used [0x00000000e0000000,0x00000000e0000000,0x00000000f3a80000)
  from space 41472K, 83% used [0x00000000fa100000,0x00000000fc2b2ac0,0x00000000fc980000)
  to   space 38912K, 0% used [0x00000000f3a80000,0x00000000f3a80000,0x00000000f6080000)
 ParOldGen       total 268800K, used 109273K [0x00000000a0000000, 0x00000000b0680000, 0x00000000e0000000)
  object space 268800K, 40% used [0x00000000a0000000,0x00000000a6ab67e0,0x00000000b0680000)
 Metaspace       used 69580K, capacity 72200K, committed 73112K, reserved 1112064K
  class space    used 9334K, capacity 9909K, committed 10152K, reserved 1048576K
}
Event: 14.257 GC heap before
{Heap before GC invocations=27 (full 4):
 PSYoungGen      total 363520K, used 356554K [0x00000000e0000000, 0x00000000fc980000, 0x0000000100000000)
  eden space 322048K, 100% used [0x00000000e0000000,0x00000000f3a80000,0x00000000f3a80000)
  from space 41472K, 83% used [0x00000000fa100000,0x00000000fc2b2ac0,0x00000000fc980000)
  to   space 38912K, 0% used [0x00000000f3a80000,0x00000000f3a80000,0x00000000f6080000)
 ParOldGen       total 268800K, used 109276K [0x00000000a0000000, 0x00000000b0680000, 0x00000000e0000000)
  object space 268800K, 40% used [0x00000000a0000000,0x00000000a6ab70f8,0x00000000b0680000)
 Metaspace       used 69615K, capacity 72212K, committed 73112K, reserved 1112064K
  class space    used 9334K, capacity 9909K, committed 10152K, reserved 1048576K
Event: 14.289 GC heap after
Heap after GC invocations=27 (full 4):
 PSYoungGen      total 360960K, used 38500K [0x00000000e0000000, 0x00000000fc980000, 0x0000000100000000)
  eden space 322048K, 0% used [0x00000000e0000000,0x00000000e0000000,0x00000000f3a80000)
  from space 38912K, 98% used [0x00000000f3a80000,0x00000000f60190d8,0x00000000f6080000)
  to   space 41472K, 0% used [0x00000000fa100000,0x00000000fa100000,0x00000000fc980000)
 ParOldGen       total 268800K, used 113408K [0x00000000a0000000, 0x00000000b0680000, 0x00000000e0000000)
  object space 268800K, 42% used [0x00000000a0000000,0x00000000a6ec0138,0x00000000b0680000)
 Metaspace       used 69615K, capacity 72212K, committed 73112K, reserved 1112064K
  class space    used 9334K, capacity 9909K, committed 10152K, reserved 1048576K
}

