# JRE version: OpenJDK Runtime Environment (8.0_202-b03) (build 1.8.0_202-release-1483-b03)
# Java VM: OpenJDK 64-Bit Server VM (25.202-b03 mixed mode windows-amd64 compressed oops)
Heap:
 PSYoungGen      total 445952K, used 374095K [0x00000000e0000000, 0x0000000100000000, 0x0000000100000000)
  eden space 369664K, 96% used [0x00000000e0000000,0x00000000f5c7bbe0,0x00000000f6900000)
  from space 76288K, 22% used [0x00000000fb100000,0x00000000fc1d82b8,0x00000000ffb80000)
  to   space 73728K, 0% used [0x00000000f6900000,0x00000000f6900000,0x00000000fb100000)
 ParOldGen       total 128512K, used 107844K [0x00000000a0000000, 0x00000000a7d80000, 0x00000000e0000000)
  object space 128512K, 83% used [0x00000000a0000000,0x00000000a69510a8,0x00000000a7d80000)
 Metaspace       used 88492K, capacity 92222K, committed 95704K, reserved 1132544K
  class space    used 11270K, capacity 12032K, committed 12544K, reserved 1048576K
GC Heap History (10 events):
Event: 1761.061 GC heap before
{Heap before GC invocations=36 (full 4):
 PSYoungGen      total 435200K, used 32111K [0x00000000e0000000, 0x00000000ff980000, 0x0000000100000000)
  eden space 358912K, 0% used [0x00000000e0000000,0x00000000e0000000,0x00000000f5e80000)
  from space 76288K, 42% used [0x00000000faf00000,0x00000000fce5bd00,0x00000000ff980000)
  to   space 79360K, 0% used [0x00000000f5e80000,0x00000000f5e80000,0x00000000fac00000)
 ParOldGen       total 128512K, used 120779K [0x00000000a0000000, 0x00000000a7d80000, 0x00000000e0000000)
  object space 128512K, 93% used [0x00000000a0000000,0x00000000a75f2fe0,0x00000000a7d80000)
 Metaspace       used 91056K, capacity 95558K, committed 95704K, reserved 1132544K
  class space    used 11620K, capacity 12532K, committed 12544K, reserved 1048576K
Event: 1761.334 GC heap after
Heap after GC invocations=36 (full 4):
 PSYoungGen      total 435200K, used 0K [0x00000000e0000000, 0x00000000ff980000, 0x0000000100000000)
  eden space 358912K, 0% used [0x00000000e0000000,0x00000000e0000000,0x00000000f5e80000)
  from space 76288K, 0% used [0x00000000faf00000,0x00000000faf00000,0x00000000ff980000)
  to   space 79360K, 0% used [0x00000000f5e80000,0x00000000f5e80000,0x00000000fac00000)
 ParOldGen       total 128512K, used 100066K [0x00000000a0000000, 0x00000000a7d80000, 0x00000000e0000000)
  object space 128512K, 77% used [0x00000000a0000000,0x00000000a61b89a8,0x00000000a7d80000)
 Metaspace       used 88458K, capacity 92196K, committed 95704K, reserved 1132544K
  class space    used 11266K, capacity 12027K, committed 12544K, reserved 1048576K
}
Event: 1761.803 GC heap before
{Heap before GC invocations=37 (full 4):
 PSYoungGen      total 435200K, used 358912K [0x00000000e0000000, 0x00000000ff980000, 0x0000000100000000)
  eden space 358912K, 100% used [0x00000000e0000000,0x00000000f5e80000,0x00000000f5e80000)
  from space 76288K, 0% used [0x00000000faf00000,0x00000000faf00000,0x00000000ff980000)
  to   space 79360K, 0% used [0x00000000f5e80000,0x00000000f5e80000,0x00000000fac00000)
 ParOldGen       total 128512K, used 100066K [0x00000000a0000000, 0x00000000a7d80000, 0x00000000e0000000)
  object space 128512K, 77% used [0x00000000a0000000,0x00000000a61b89a8,0x00000000a7d80000)
 Metaspace       used 88470K, capacity 92222K, committed 95704K, reserved 1132544K
  class space    used 11270K, capacity 12032K, committed 12544K, reserved 1048576K
Event: 1761.816 GC heap after
Heap after GC invocations=37 (full 4):
 PSYoungGen      total 438272K, used 9560K [0x00000000e0000000, 0x0000000100000000, 0x0000000100000000)
  eden space 358912K, 0% used [0x00000000e0000000,0x00000000e0000000,0x00000000f5e80000)
  from space 79360K, 12% used [0x00000000f5e80000,0x00000000f67d61e0,0x00000000fac00000)
  to   space 79872K, 0% used [0x00000000fb200000,0x00000000fb200000,0x0000000100000000)
 ParOldGen       total 128512K, used 100066K [0x00000000a0000000, 0x00000000a7d80000, 0x00000000e0000000)
  object space 128512K, 77% used [0x00000000a0000000,0x00000000a61b89a8,0x00000000a7d80000)
 Metaspace       used 88470K, capacity 92222K, committed 95704K, reserved 1132544K
  class space    used 11270K, capacity 12032K, committed 12544K, reserved 1048576K
}
Event: 1762.210 GC heap before
{Heap before GC invocations=38 (full 4):
 PSYoungGen      total 438272K, used 368472K [0x00000000e0000000, 0x0000000100000000, 0x0000000100000000)
  eden space 358912K, 100% used [0x00000000e0000000,0x00000000f5e80000,0x00000000f5e80000)
  from space 79360K, 12% used [0x00000000f5e80000,0x00000000f67d61e0,0x00000000fac00000)
  to   space 79872K, 0% used [0x00000000fb200000,0x00000000fb200000,0x0000000100000000)
 ParOldGen       total 128512K, used 100066K [0x00000000a0000000, 0x00000000a7d80000, 0x00000000e0000000)
  object space 128512K, 77% used [0x00000000a0000000,0x00000000a61b89a8,0x00000000a7d80000)
 Metaspace       used 88474K, capacity 92222K, committed 95704K, reserved 1132544K
  class space    used 11270K, capacity 12032K, committed 12544K, reserved 1048576K
Event: 1762.222 GC heap after
Heap after GC invocations=38 (full 4):
 PSYoungGen      total 443392K, used 13453K [0x00000000e0000000, 0x00000000ffe80000, 0x0000000100000000)
  eden space 365056K, 0% used [0x00000000e0000000,0x00000000e0000000,0x00000000f6480000)
  from space 78336K, 17% used [0x00000000fb200000,0x00000000fbf23600,0x00000000ffe80000)
  to   space 78848K, 0% used [0x00000000f6480000,0x00000000f6480000,0x00000000fb180000)
 ParOldGen       total 128512K, used 100066K [0x00000000a0000000, 0x00000000a7d80000, 0x00000000e0000000)
  object space 128512K, 77% used [0x00000000a0000000,0x00000000a61b89a8,0x00000000a7d80000)
 Metaspace       used 88474K, capacity 92222K, committed 95704K, reserved 1132544K
  class space    used 11270K, capacity 12032K, committed 12544K, reserved 1048576K
}
Event: 1762.635 GC heap before
{Heap before GC invocations=39 (full 4):
 PSYoungGen      total 443392K, used 378509K [0x00000000e0000000, 0x00000000ffe80000, 0x0000000100000000)
  eden space 365056K, 100% used [0x00000000e0000000,0x00000000f6480000,0x00000000f6480000)
  from space 78336K, 17% used [0x00000000fb200000,0x00000000fbf23600,0x00000000ffe80000)
  to   space 78848K, 0% used [0x00000000f6480000,0x00000000f6480000,0x00000000fb180000)
 ParOldGen       total 128512K, used 100066K [0x00000000a0000000, 0x00000000a7d80000, 0x00000000e0000000)
  object space 128512K, 77% used [0x00000000a0000000,0x00000000a61b89a8,0x00000000a7d80000)
 Metaspace       used 88479K, capacity 92222K, committed 95704K, reserved 1132544K
  class space    used 11270K, capacity 12032K, committed 12544K, reserved 1048576K
Event: 1762.651 GC heap after
Heap after GC invocations=39 (full 4):
 PSYoungGen      total 384000K, used 18790K [0x00000000e0000000, 0x00000000ffb80000, 0x0000000100000000)
  eden space 365056K, 0% used [0x00000000e0000000,0x00000000e0000000,0x00000000f6480000)
  from space 18944K, 99% used [0x00000000f6480000,0x00000000f76d9bd8,0x00000000f7700000)
  to   space 76288K, 0% used [0x00000000fb100000,0x00000000fb100000,0x00000000ffb80000)
 ParOldGen       total 128512K, used 100066K [0x00000000a0000000, 0x00000000a7d80000, 0x00000000e0000000)
  object space 128512K, 77% used [0x00000000a0000000,0x00000000a61b89a8,0x00000000a7d80000)
 Metaspace       used 88479K, capacity 92222K, committed 95704K, reserved 1132544K
  class space    used 11270K, capacity 12032K, committed 12544K, reserved 1048576K
}
Event: 1763.075 GC heap before
{Heap before GC invocations=40 (full 4):
 PSYoungGen      total 384000K, used 383846K [0x00000000e0000000, 0x00000000ffb80000, 0x0000000100000000)
  eden space 365056K, 100% used [0x00000000e0000000,0x00000000f6480000,0x00000000f6480000)
  from space 18944K, 99% used [0x00000000f6480000,0x00000000f76d9bd8,0x00000000f7700000)
  to   space 76288K, 0% used [0x00000000fb100000,0x00000000fb100000,0x00000000ffb80000)
 ParOldGen       total 128512K, used 100066K [0x00000000a0000000, 0x00000000a7d80000, 0x00000000e0000000)
  object space 128512K, 77% used [0x00000000a0000000,0x00000000a61b89a8,0x00000000a7d80000)
 Metaspace       used 88487K, capacity 92222K, committed 95704K, reserved 1132544K
  class space    used 11270K, capacity 12032K, committed 12544K, reserved 1048576K
Event: 1763.092 GC heap after
Heap after GC invocations=40 (full 4):
 PSYoungGen      total 445952K, used 17248K [0x00000000e0000000, 0x0000000100000000, 0x0000000100000000)
  eden space 369664K, 0% used [0x00000000e0000000,0x00000000e0000000,0x00000000f6900000)
  from space 76288K, 22% used [0x00000000fb100000,0x00000000fc1d82b8,0x00000000ffb80000)
  to   space 73728K, 0% used [0x00000000f6900000,0x00000000f6900000,0x00000000fb100000)
 ParOldGen       total 128512K, used 107844K [0x00000000a0000000, 0x00000000a7d80000, 0x00000000e0000000)
  object space 128512K, 83% used [0x00000000a0000000,0x00000000a69510a8,0x00000000a7d80000)
 Metaspace       used 88487K, capacity 92222K, committed 95704K, reserved 1132544K
  class space    used 11270K, capacity 12032K, committed 12544K, reserved 1048576K
}

