# JRE version: Java(TM) SE Runtime Environment (8.0_181-b13) (build 1.8.0_181-b13)
# Java VM: Java HotSpot(TM) 64-Bit Server VM (25.181-b13 mixed mode windows-amd64 compressed oops)
Heap:
 PSYoungGen      total 116224K, used 59047K [0x00000000d5f80000, 0x00000000df400000, 0x0000000100000000)
  eden space 109056K, 47% used [0x00000000d5f80000,0x00000000d927fc38,0x00000000dca00000)
  from space 7168K, 95% used [0x00000000de100000,0x00000000de7aa1a8,0x00000000de800000)
  to   space 12288K, 0% used [0x00000000de800000,0x00000000de800000,0x00000000df400000)
 ParOldGen       total 58880K, used 14754K [0x0000000081e00000, 0x0000000085780000, 0x00000000d5f80000)
  object space 58880K, 25% used [0x0000000081e00000,0x0000000082c68ad8,0x0000000085780000)
 Metaspace       used 48840K, capacity 51117K, committed 51456K, reserved 1105920K
  class space    used 6593K, capacity 7042K, committed 7168K, reserved 1048576K
GC Heap History (10 events):
Event: 3.156 GC heap before
{Heap before GC invocations=10 (full 2):
 PSYoungGen      total 114176K, used 9838K [0x00000000d5f80000, 0x00000000e0c80000, 0x0000000100000000)
  eden space 101888K, 0% used [0x00000000d5f80000,0x00000000d5f80000,0x00000000dc300000)
  from space 12288K, 80% used [0x00000000e0080000,0x00000000e0a1b920,0x00000000e0c80000)
  to   space 10240K, 0% used [0x00000000dc300000,0x00000000dc300000,0x00000000dcd00000)
 ParOldGen       total 58880K, used 8970K [0x0000000081e00000, 0x0000000085780000, 0x00000000d5f80000)
  object space 58880K, 15% used [0x0000000081e00000,0x00000000826c29b8,0x0000000085780000)
 Metaspace       used 33417K, capacity 35099K, committed 35328K, reserved 1087488K
  class space    used 4413K, capacity 4750K, committed 4864K, reserved 1048576K
Event: 3.207 GC heap after
Heap after GC invocations=10 (full 2):
 PSYoungGen      total 114176K, used 0K [0x00000000d5f80000, 0x00000000e0c80000, 0x0000000100000000)
  eden space 101888K, 0% used [0x00000000d5f80000,0x00000000d5f80000,0x00000000dc300000)
  from space 12288K, 0% used [0x00000000e0080000,0x00000000e0080000,0x00000000e0c80000)
  to   space 10240K, 0% used [0x00000000dc300000,0x00000000dc300000,0x00000000dcd00000)
 ParOldGen       total 58880K, used 14758K [0x0000000081e00000, 0x0000000085780000, 0x00000000d5f80000)
  object space 58880K, 25% used [0x0000000081e00000,0x0000000082c69be8,0x0000000085780000)
 Metaspace       used 33393K, capacity 35039K, committed 35328K, reserved 1085440K
  class space    used 4404K, capacity 4736K, committed 4864K, reserved 1048576K
}
Event: 3.207 GC heap before
{Heap before GC invocations=11 (full 2):
 PSYoungGen      total 114176K, used 0K [0x00000000d5f80000, 0x00000000e0c80000, 0x0000000100000000)
  eden space 101888K, 0% used [0x00000000d5f80000,0x00000000d5f80000,0x00000000dc300000)
  from space 12288K, 0% used [0x00000000e0080000,0x00000000e0080000,0x00000000e0c80000)
  to   space 10240K, 0% used [0x00000000dc300000,0x00000000dc300000,0x00000000dcd00000)
 ParOldGen       total 58880K, used 14758K [0x0000000081e00000, 0x0000000085780000, 0x00000000d5f80000)
  object space 58880K, 25% used [0x0000000081e00000,0x0000000082c69be8,0x0000000085780000)
 Metaspace       used 33394K, capacity 35039K, committed 35328K, reserved 1089536K
  class space    used 4404K, capacity 4736K, committed 4864K, reserved 1048576K
Event: 3.209 GC heap after
Heap after GC invocations=11 (full 2):
 PSYoungGen      total 112128K, used 0K [0x00000000d5f80000, 0x00000000e0100000, 0x0000000100000000)
  eden space 101888K, 0% used [0x00000000d5f80000,0x00000000d5f80000,0x00000000dc300000)
  from space 10240K, 0% used [0x00000000dc300000,0x00000000dc300000,0x00000000dcd00000)
  to   space 13824K, 0% used [0x00000000df380000,0x00000000df380000,0x00000000e0100000)
 ParOldGen       total 58880K, used 14758K [0x0000000081e00000, 0x0000000085780000, 0x00000000d5f80000)
  object space 58880K, 25% used [0x0000000081e00000,0x0000000082c69be8,0x0000000085780000)
 Metaspace       used 33394K, capacity 35039K, committed 35328K, reserved 1089536K
  class space    used 4404K, capacity 4736K, committed 4864K, reserved 1048576K
}
Event: 3.209 GC heap before
{Heap before GC invocations=12 (full 3):
 PSYoungGen      total 112128K, used 0K [0x00000000d5f80000, 0x00000000e0100000, 0x0000000100000000)
  eden space 101888K, 0% used [0x00000000d5f80000,0x00000000d5f80000,0x00000000dc300000)
  from space 10240K, 0% used [0x00000000dc300000,0x00000000dc300000,0x00000000dcd00000)
  to   space 13824K, 0% used [0x00000000df380000,0x00000000df380000,0x00000000e0100000)
 ParOldGen       total 58880K, used 14758K [0x0000000081e00000, 0x0000000085780000, 0x00000000d5f80000)
  object space 58880K, 25% used [0x0000000081e00000,0x0000000082c69be8,0x0000000085780000)
 Metaspace       used 33394K, capacity 35039K, committed 35328K, reserved 1089536K
  class space    used 4404K, capacity 4736K, committed 4864K, reserved 1048576K
Event: 3.257 GC heap after
Heap after GC invocations=12 (full 3):
 PSYoungGen      total 112128K, used 0K [0x00000000d5f80000, 0x00000000e0100000, 0x0000000100000000)
  eden space 101888K, 0% used [0x00000000d5f80000,0x00000000d5f80000,0x00000000dc300000)
  from space 10240K, 0% used [0x00000000dc300000,0x00000000dc300000,0x00000000dcd00000)
  to   space 13824K, 0% used [0x00000000df380000,0x00000000df380000,0x00000000e0100000)
 ParOldGen       total 58880K, used 14674K [0x0000000081e00000, 0x0000000085780000, 0x00000000d5f80000)
  object space 58880K, 24% used [0x0000000081e00000,0x0000000082c54ac8,0x0000000085780000)
 Metaspace       used 33394K, capacity 35039K, committed 35328K, reserved 1085440K
  class space    used 4404K, capacity 4736K, committed 4864K, reserved 1048576K
}
Event: 3.769 GC heap before
{Heap before GC invocations=13 (full 3):
 PSYoungGen      total 112128K, used 101888K [0x00000000d5f80000, 0x00000000e0100000, 0x0000000100000000)
  eden space 101888K, 100% used [0x00000000d5f80000,0x00000000dc300000,0x00000000dc300000)
  from space 10240K, 0% used [0x00000000dc300000,0x00000000dc300000,0x00000000dcd00000)
  to   space 13824K, 0% used [0x00000000df380000,0x00000000df380000,0x00000000e0100000)
 ParOldGen       total 58880K, used 14674K [0x0000000081e00000, 0x0000000085780000, 0x00000000d5f80000)
  object space 58880K, 24% used [0x0000000081e00000,0x0000000082c54ac8,0x0000000085780000)
 Metaspace       used 40806K, capacity 42617K, committed 43008K, reserved 1093632K
  class space    used 5519K, capacity 5885K, committed 5888K, reserved 1048576K
Event: 3.775 GC heap after
Heap after GC invocations=13 (full 3):
 PSYoungGen      total 114176K, used 8459K [0x00000000d5f80000, 0x00000000dfc00000, 0x0000000100000000)
  eden space 105472K, 0% used [0x00000000d5f80000,0x00000000d5f80000,0x00000000dc680000)
  from space 8704K, 97% used [0x00000000df380000,0x00000000dfbc2c00,0x00000000dfc00000)
  to   space 13824K, 0% used [0x00000000de100000,0x00000000de100000,0x00000000dee80000)
 ParOldGen       total 58880K, used 14682K [0x0000000081e00000, 0x0000000085780000, 0x00000000d5f80000)
  object space 58880K, 24% used [0x0000000081e00000,0x0000000082c56ac8,0x0000000085780000)
 Metaspace       used 40806K, capacity 42617K, committed 43008K, reserved 1093632K
  class space    used 5519K, capacity 5885K, committed 5888K, reserved 1048576K
}
Event: 4.177 GC heap before
{Heap before GC invocations=14 (full 3):
 PSYoungGen      total 114176K, used 113931K [0x00000000d5f80000, 0x00000000dfc00000, 0x0000000100000000)
  eden space 105472K, 100% used [0x00000000d5f80000,0x00000000dc680000,0x00000000dc680000)
  from space 8704K, 97% used [0x00000000df380000,0x00000000dfbc2c00,0x00000000dfc00000)
  to   space 13824K, 0% used [0x00000000de100000,0x00000000de100000,0x00000000dee80000)
 ParOldGen       total 58880K, used 14682K [0x0000000081e00000, 0x0000000085780000, 0x00000000d5f80000)
  object space 58880K, 24% used [0x0000000081e00000,0x0000000082c56ac8,0x0000000085780000)
 Metaspace       used 45297K, capacity 47255K, committed 47488K, reserved 1101824K
  class space    used 6091K, capacity 6465K, committed 6528K, reserved 1048576K
Event: 4.182 GC heap after
Heap after GC invocations=14 (full 3):
 PSYoungGen      total 116224K, used 6824K [0x00000000d5f80000, 0x00000000df400000, 0x0000000100000000)
  eden space 109056K, 0% used [0x00000000d5f80000,0x00000000d5f80000,0x00000000dca00000)
  from space 7168K, 95% used [0x00000000de100000,0x00000000de7aa1a8,0x00000000de800000)
  to   space 12288K, 0% used [0x00000000de800000,0x00000000de800000,0x00000000df400000)
 ParOldGen       total 58880K, used 14754K [0x0000000081e00000, 0x0000000085780000, 0x00000000d5f80000)
  object space 58880K, 25% used [0x0000000081e00000,0x0000000082c68ad8,0x0000000085780000)
 Metaspace       used 45297K, capacity 47255K, committed 47488K, reserved 1101824K
  class space    used 6091K, capacity 6465K, committed 6528K, reserved 1048576K
}

